{"nbformat":4,"nbformat_minor":0,"metadata":{"colab":{"name":"Copy of Week 3_Data and file types","version":"0.3.2","provenance":[{"file_id":"1f2YKMc0amaHSX5UBsMwZLt1D4BM8VTMD","timestamp":1549651883730}],"collapsed_sections":[],"toc_visible":true},"kernelspec":{"name":"python3","display_name":"Python 3"}},"cells":[{"metadata":{"id":"2qx7cOkfIAKP","colab_type":"text"},"cell_type":"markdown","source":["### Objectives of the Lab Session\n","* Introduction to basic dataframe functions: To be utilized while analysing potential datasets for THA1\n","* Merging variables from two or more dataframes: To be utilized while creating a sample dataset for THA1\n","\n","### By the end of this session, a student should be able to:\n","\n","* Get the basic idea of how to view different datasets, their particular columns, understand data types of the dataset.\n","* Perform similar functions for the potential dataset of THA1\n","* Learn how to merge two or more tables of different datasets\n","* Compile a sample using values of two or more tables for THA1\n","\n","\n","### To-do list\n","1. Install [gephi](https://gephi.org/)\n","2. Register for a GitHib account: Check any installment requirements for windows, e.g. git bash\n","3. Install git bash\n"]},{"metadata":{"id":"scTjSuOZXkHj","colab_type":"text"},"cell_type":"markdown","source":["#Basic DataFrame Functions\n","\n","* Retrieving first or last n records\n","* Getting column titles\n","* Getting values of one or multiple specific columns\n","\n","\n"]},{"metadata":{"id":"kpV1Ae2APAJr","colab_type":"text"},"cell_type":"markdown","source":["##Dataframe Functions: head, tail, list\n","\n","**Functions used in the code cell below**\n","1. [pd.read_csv](https://pandas.pydata.org/pandas-docs/stable/reference/api/pandas.read_csv.html): Reading data from csv file to python script into Pandas\n","2. [DataFrame.head(n)](https://pandas.pydata.org/pandas-docs/stable/reference/api/pandas.DataFrame.head.html):  To retrieve first n observations of a dataframe\n","3. [DataFrame.tail(n)](https://pandas.pydata.org/pandas-docs/stable/reference/api/pandas.DataFrame.tail.html): To retrieve last n observations of a dataframe\n","4. list(DataFrame): To get the column names"]},{"metadata":{"id":"VfCm3xh0YREM","colab_type":"code","outputId":"3b5de5e9-5c1e-4598-d544-10d021918c7b","executionInfo":{"status":"ok","timestamp":1549656126421,"user_tz":360,"elapsed":401,"user":{"displayName":"Marjorie Crowell","photoUrl":"","userId":"01222112113615962220"}},"colab":{"base_uri":"https://localhost:8080/","height":1230}},"cell_type":"code","source":["import pandas as pd\n","\n","#data = pd.read_csv(\"sample_data/california_housing_train.csv\")\n","data = pd.read_pickle(\"sample_data/california_housing_train_head.pkl.gz\")\n","print(\"1. Getting the first 10 records\")\n","print(data.head(10))\n","\n","print(\"\\n2. Retrieving last 10 records\")\n","print(data.tail(10))\n","\n","print(\"\\n3. Getting column values\")\n","print(data.columns)\n","print(list(data))"],"execution_count":0,"outputs":[{"output_type":"stream","text":["1. Getting the first 10 records\n","        EIN ACCPER ACTIV1 ACTIV2 ACTIV3                 ADDRESS AFCD  \\\n","0  10015091     12      0      0      0               PO BOX 13    3   \n","1  10017496     12    149      0      0              PO BOX 534    3   \n","2  10130427      6    150      0      0  29 LOWELL STREET BOX A    3   \n","3  10132610     12    900    901      0           167 ROGERS RD    3   \n","4  10133442     12    995     65      0              PO BOX 193    3   \n","\n","      ASS_BOY     ASS_EOY       BLOCK   ...       TOTREV2     TOTREVP  \\\n","0     72859.0     57145.0  3.4027e+14   ...      109998.0    121129.0   \n","1    236791.0    235622.0  2.3031e+14   ...      110522.0    116010.0   \n","2  55845412.0  57577945.0  2.3001e+14   ...    52152619.0  54444259.0   \n","3         NaN    697033.0  2.3031e+14   ...       35271.0         NaN   \n","4    908993.0    824589.0  2.3018e+14   ...      393145.0    367180.0   \n","\n","  TOTSUPP509 TXEXMPTBNDSPROCEEDS TXREVNUELEVIED170  TXREVNUELEVIED509  \\\n","0   481126.0                 0.0               0.0                0.0   \n","1   549713.0                 0.0               0.0                0.0   \n","2        0.0                 0.0               0.0                0.0   \n","3     8780.0                 0.0               0.0                0.0   \n","4  3575918.0                 0.0               0.0                0.0   \n","\n","   UNSECUREDNOTESEND  VALIDATION_STATE         ZIP    ZIP5  \n","0                0.0               0.0  07927-0013  7927.0  \n","1                0.0               0.0  03911-0534  3911.0  \n","2                0.0               0.0  04240-7639  4240.0  \n","3                0.0               0.0  03904-1449  3904.0  \n","4                0.0               0.0  04268-0193  4268.0  \n","\n","[5 rows x 154 columns]\n","\n","2. Retrieving last 10 records\n","        EIN ACCPER ACTIV1 ACTIV2 ACTIV3                 ADDRESS AFCD  \\\n","0  10015091     12      0      0      0               PO BOX 13    3   \n","1  10017496     12    149      0      0              PO BOX 534    3   \n","2  10130427      6    150      0      0  29 LOWELL STREET BOX A    3   \n","3  10132610     12    900    901      0           167 ROGERS RD    3   \n","4  10133442     12    995     65      0              PO BOX 193    3   \n","\n","      ASS_BOY     ASS_EOY       BLOCK   ...       TOTREV2     TOTREVP  \\\n","0     72859.0     57145.0  3.4027e+14   ...      109998.0    121129.0   \n","1    236791.0    235622.0  2.3031e+14   ...      110522.0    116010.0   \n","2  55845412.0  57577945.0  2.3001e+14   ...    52152619.0  54444259.0   \n","3         NaN    697033.0  2.3031e+14   ...       35271.0         NaN   \n","4    908993.0    824589.0  2.3018e+14   ...      393145.0    367180.0   \n","\n","  TOTSUPP509 TXEXMPTBNDSPROCEEDS TXREVNUELEVIED170  TXREVNUELEVIED509  \\\n","0   481126.0                 0.0               0.0                0.0   \n","1   549713.0                 0.0               0.0                0.0   \n","2        0.0                 0.0               0.0                0.0   \n","3     8780.0                 0.0               0.0                0.0   \n","4  3575918.0                 0.0               0.0                0.0   \n","\n","   UNSECUREDNOTESEND  VALIDATION_STATE         ZIP    ZIP5  \n","0                0.0               0.0  07927-0013  7927.0  \n","1                0.0               0.0  03911-0534  3911.0  \n","2                0.0               0.0  04240-7639  4240.0  \n","3                0.0               0.0  03904-1449  3904.0  \n","4                0.0               0.0  04268-0193  4268.0  \n","\n","[5 rows x 154 columns]\n","\n","3. Getting column values\n","Index(['EIN', 'ACCPER', 'ACTIV1', 'ACTIV2', 'ACTIV3', 'ADDRESS', 'AFCD',\n","       'ASS_BOY', 'ASS_EOY', 'BLOCK',\n","       ...\n","       'TOTREV2', 'TOTREVP', 'TOTSUPP509', 'TXEXMPTBNDSPROCEEDS',\n","       'TXREVNUELEVIED170', 'TXREVNUELEVIED509', 'UNSECUREDNOTESEND',\n","       'VALIDATION_STATE', 'ZIP', 'ZIP5'],\n","      dtype='object', length=154)\n","['EIN', 'ACCPER', 'ACTIV1', 'ACTIV2', 'ACTIV3', 'ADDRESS', 'AFCD', 'ASS_BOY', 'ASS_EOY', 'BLOCK', 'BOND_BOY', 'BOND_EOY', 'CENSUSTRACT', 'CITY', 'CLASSCD', 'COMPENS', 'COMPENSP', 'CONT', 'CONTACT', 'CONTP', 'DEDUCTCD', 'DIREXP', 'EOSTATUS', 'EPOSTCARD', 'EXPS', 'EXPSP', 'FILENAME', 'FIPS', 'FISYR', 'FISYRP', 'FNDNCD', 'FRCD', 'FUNDBAL', 'FUNDFEES', 'FUNDFEESP', 'FUNDINC', 'FUNDINCP', 'GFTGRNTSRCVD170', 'GOODS', 'GRPROF', 'GRPROFP', 'GRREC', 'GRRECMEM', 'GRRECOTH', 'GRRECPUB', 'GRSINC170', 'GRSINCFNDRSNG', 'GRSINCGAMING', 'GRSRCPTSADMISSN509', 'GRSRCPTSRELATED170', 'GRSRNTSPRSNL', 'GRSRNTSREAL', 'INITFEES', 'INPRIOR', 'INPRIORSRC', 'INVENTG', 'INVINC', 'INVINCP', 'LATITUDE', 'LESSDIRFNDRSNG', 'LESSDIRGAMING', 'LEVEL1', 'LEVEL2', 'LEVEL3', 'LEVEL4', 'LIAB_BOY', 'LIAB_EOY', 'LONGITUDE', 'MAJGRPB', 'MANUALLY_FIXED', 'MRTG_BOY', 'MRTG_EOY', 'MSA_NECH', 'NAICS', 'NAME', 'NCCSKEY', 'NCCSKEY2', 'NETA_BOY', 'NETGNLS', 'NETINC', 'NETINCFNDRSNG', 'NETINCGAMING', 'NETINCP', 'NETRENT', 'NETRENTP', 'NTEE1', 'NTEECC', 'NTEECONF', 'NTEEFINAL', 'NTEEFINAL1', 'NTEEIRS', 'NTEESRC', 'NTMAJ10', 'NTMAJ12', 'NTMAJ5', 'ORGCD', 'OTHCHGS', 'OTHINC', 'OTHINCP', 'OTHSAL', 'OTHSALP', 'OUTNCCS', 'OUTREAS', 'PAYTAX', 'PAYTAXP', 'PMSA', 'PROGREV', 'PROGREVP', 'Q78A', 'RANDNUM', 'REASON', 'RENTEXP', 'RENTINC', 'RETEARN', 'RETE_BOY', 'RNTLEXPNSPRSNL', 'RNTLEXPNSREAL', 'RNTLINCPRSNL', 'RNTLINCREAL', 'ROYALTSINC', 'RULEDATE', 'SALEOTHE', 'SALEOTHG', 'SALEOTHN', 'SALEOTHNP', 'SALESECN', 'SALESECNP', 'SALESEXP', 'SECUR', 'SEC_NAME', 'SOIYR', 'SOURCE', 'SPEVTG', 'SRVCSVAL170', 'SRVCSVAL509', 'STATE', 'STYEAR', 'SUBCD', 'SUBSECCD', 'SUBTOTSUPPINC509', 'TAXPER', 'TAXPERP', 'TOTGFTGRNTRCVD509', 'TOTREV', 'TOTREV2', 'TOTREVP', 'TOTSUPP509', 'TXEXMPTBNDSPROCEEDS', 'TXREVNUELEVIED170', 'TXREVNUELEVIED509', 'UNSECUREDNOTESEND', 'VALIDATION_STATE', 'ZIP', 'ZIP5']\n"],"name":"stdout"}]},{"metadata":{"id":"BiYxwGX4O7Nb","colab_type":"text"},"cell_type":"markdown","source":["##Dataframe Functions: location, partial display\n","\n","**Functions used in the code cell below**\n","1. [DataFrame.loc[index]](https://pandas.pydata.org/pandas-docs/stable/user_guide/indexing.html): To retrieve observation at particular index\n","2. [DataFrame[colname]](https://pandas.pydata.org/pandas-docs/stable/user_guide/indexing.html): To retrieve one or more column values"]},{"metadata":{"id":"vP9GRcBybsyc","colab_type":"code","outputId":"8c8ab769-7f5c-4dca-edaf-caf1432a6fc6","executionInfo":{"status":"ok","timestamp":1549656431625,"user_tz":360,"elapsed":279,"user":{"displayName":"Marjorie Crowell","photoUrl":"","userId":"01222112113615962220"}},"colab":{"base_uri":"https://localhost:8080/","height":1700}},"cell_type":"code","source":["print(\"\\n4. Getting specific observation based on index location\")\n","print(data.loc[1])\n","\n","print(\"\\n5. Getting specific columns\")\n","print(data[[\"EIN\", \"ADDRESS\"]].head(5))\n","\n","print(\"\\n6. Basic conditions\")\n","print(data[data[\"STATE\"]==\"ME\"].head(10))"],"execution_count":0,"outputs":[{"output_type":"stream","text":["\n","4. Getting specific observation based on index location\n","EIN                                  10017496\n","ACCPER                                     12\n","ACTIV1                                    149\n","ACTIV2                                      0\n","ACTIV3                                      0\n","ADDRESS                            PO BOX 534\n","AFCD                                        3\n","ASS_BOY                                236791\n","ASS_EOY                                235622\n","BLOCK                              2.3031e+14\n","BOND_BOY                                    0\n","BOND_EOY                                    0\n","CENSUSTRACT                        2.3031e+10\n","CITY                              YORK HARBOR\n","CLASSCD                                    20\n","COMPENS                                     0\n","COMPENSP                                    0\n","CONT                                     8792\n","CONTACT                                   NaN\n","CONTP                                    2223\n","DEDUCTCD                                    1\n","DIREXP                                      0\n","EOSTATUS                                    1\n","EPOSTCARD                                   0\n","EXPS                                   111870\n","EXPSP                                  114943\n","FILENAME               010017496_201512_990EZ\n","FIPS                                    23031\n","FISYR                                    2015\n","FISYRP                                   2014\n","                                ...          \n","SALEOTHNP                                5534\n","SALESECN                                    0\n","SALESECNP                                   0\n","SALESEXP                                    0\n","SECUR                                     NaN\n","SEC_NAME                                  NaN\n","SOIYR                                   20150\n","SOURCE                   16eofinextractez.dat\n","SPEVTG                                      0\n","SRVCSVAL170                                 0\n","SRVCSVAL509                                 0\n","STATE                                      ME\n","STYEAR                                  20150\n","SUBCD                                       3\n","SUBSECCD                                    3\n","SUBTOTSUPPINC509                         9324\n","TAXPER                                 201512\n","TAXPERP                                201412\n","TOTGFTGRNTRCVD509                      290829\n","TOTREV                                 110522\n","TOTREV2                                110522\n","TOTREVP                                116010\n","TOTSUPP509                             549713\n","TXEXMPTBNDSPROCEEDS                         0\n","TXREVNUELEVIED170                           0\n","TXREVNUELEVIED509                           0\n","UNSECUREDNOTESEND                           0\n","VALIDATION_STATE                            0\n","ZIP                                03911-0534\n","ZIP5                                     3911\n","Name: 1, Length: 154, dtype: object\n","\n","5. Getting specific columns\n","        EIN                 ADDRESS\n","0  10015091               PO BOX 13\n","1  10017496              PO BOX 534\n","2  10130427  29 LOWELL STREET BOX A\n","3  10132610           167 ROGERS RD\n","4  10133442              PO BOX 193\n","\n","6. Basic conditions\n","        EIN ACCPER ACTIV1 ACTIV2 ACTIV3                 ADDRESS AFCD  \\\n","1  10017496     12    149      0      0              PO BOX 534    3   \n","2  10130427      6    150      0      0  29 LOWELL STREET BOX A    3   \n","3  10132610     12    900    901      0           167 ROGERS RD    3   \n","4  10133442     12    995     65      0              PO BOX 193    3   \n","\n","      ASS_BOY     ASS_EOY       BLOCK   ...       TOTREV2     TOTREVP  \\\n","1    236791.0    235622.0  2.3031e+14   ...      110522.0    116010.0   \n","2  55845412.0  57577945.0  2.3001e+14   ...    52152619.0  54444259.0   \n","3         NaN    697033.0  2.3031e+14   ...       35271.0         NaN   \n","4    908993.0    824589.0  2.3018e+14   ...      393145.0    367180.0   \n","\n","  TOTSUPP509 TXEXMPTBNDSPROCEEDS TXREVNUELEVIED170  TXREVNUELEVIED509  \\\n","1   549713.0                 0.0               0.0                0.0   \n","2        0.0                 0.0               0.0                0.0   \n","3     8780.0                 0.0               0.0                0.0   \n","4  3575918.0                 0.0               0.0                0.0   \n","\n","   UNSECUREDNOTESEND  VALIDATION_STATE         ZIP    ZIP5  \n","1                0.0               0.0  03911-0534  3911.0  \n","2                0.0               0.0  04240-7639  4240.0  \n","3                0.0               0.0  03904-1449  3904.0  \n","4                0.0               0.0  04268-0193  4268.0  \n","\n","[4 rows x 154 columns]\n"],"name":"stdout"}]},{"metadata":{"id":"DwrqTPYwRr1j","colab_type":"text"},"cell_type":"markdown","source":["In-class Practice:\n","\n","1. Import \"df_bmf_14_16_confA_chg_drop_p1.pkl.gz\" into Pandas Dataframe\n","2. Print last 15 obdervations\n","3. Print the observation at the index 122\n","4. Print the columns \"NAME\" & \"STATE\"\n","5. Print observations where \"STATE\" == \"FL\""]},{"metadata":{"id":"CndanG0EuIRw","colab_type":"code","outputId":"d3e954fa-53bb-46d8-d2b1-d4e8d8d63e6e","executionInfo":{"status":"error","timestamp":1549658124235,"user_tz":360,"elapsed":314,"user":{"displayName":"Marjorie Crowell","photoUrl":"","userId":"01222112113615962220"}},"colab":{"base_uri":"https://localhost:8080/","height":3542}},"cell_type":"code","source":["import pandas as pd\n","\n","data = pd.read_pickle(\"df_bmf_14_16_confA_chg_drop_p1.pkl.gz\")\n","print(data.head(10))"],"execution_count":0,"outputs":[{"output_type":"error","ename":"FileNotFoundError","evalue":"ignored","traceback":["\u001b[0;31m---------------------------------------------------------------------------\u001b[0m","\u001b[0;31mFileNotFoundError\u001b[0m                         Traceback (most recent call last)","\u001b[0;32m/usr/local/lib/python3.6/dist-packages/pandas/io/pickle.py\u001b[0m in \u001b[0;36mtry_read\u001b[0;34m(path, encoding)\u001b[0m\n\u001b[1;32m     98\u001b[0m         \u001b[0;32mtry\u001b[0m\u001b[0;34m:\u001b[0m\u001b[0;34m\u001b[0m\u001b[0;34m\u001b[0m\u001b[0m\n\u001b[0;32m---> 99\u001b[0;31m             \u001b[0;32mreturn\u001b[0m \u001b[0mread_wrapper\u001b[0m\u001b[0;34m(\u001b[0m\u001b[0;32mlambda\u001b[0m \u001b[0mf\u001b[0m\u001b[0;34m:\u001b[0m \u001b[0mpkl\u001b[0m\u001b[0;34m.\u001b[0m\u001b[0mload\u001b[0m\u001b[0;34m(\u001b[0m\u001b[0mf\u001b[0m\u001b[0;34m)\u001b[0m\u001b[0;34m)\u001b[0m\u001b[0;34m\u001b[0m\u001b[0;34m\u001b[0m\u001b[0m\n\u001b[0m\u001b[1;32m    100\u001b[0m         \u001b[0;32mexcept\u001b[0m \u001b[0mException\u001b[0m\u001b[0;34m:\u001b[0m\u001b[0;34m\u001b[0m\u001b[0;34m\u001b[0m\u001b[0m\n","\u001b[0;32m/usr/local/lib/python3.6/dist-packages/pandas/io/pickle.py\u001b[0m in \u001b[0;36mread_wrapper\u001b[0;34m(func)\u001b[0m\n\u001b[1;32m     81\u001b[0m                             \u001b[0mcompression\u001b[0m\u001b[0;34m=\u001b[0m\u001b[0minferred_compression\u001b[0m\u001b[0;34m,\u001b[0m\u001b[0;34m\u001b[0m\u001b[0;34m\u001b[0m\u001b[0m\n\u001b[0;32m---> 82\u001b[0;31m                             is_text=False)\n\u001b[0m\u001b[1;32m     83\u001b[0m         \u001b[0;32mtry\u001b[0m\u001b[0;34m:\u001b[0m\u001b[0;34m\u001b[0m\u001b[0;34m\u001b[0m\u001b[0m\n","\u001b[0;32m/usr/local/lib/python3.6/dist-packages/pandas/io/common.py\u001b[0m in \u001b[0;36m_get_handle\u001b[0;34m(path_or_buf, mode, encoding, compression, memory_map, is_text)\u001b[0m\n\u001b[1;32m    339\u001b[0m             \u001b[0;32mif\u001b[0m \u001b[0mis_path\u001b[0m\u001b[0;34m:\u001b[0m\u001b[0;34m\u001b[0m\u001b[0;34m\u001b[0m\u001b[0m\n\u001b[0;32m--> 340\u001b[0;31m                 \u001b[0mf\u001b[0m \u001b[0;34m=\u001b[0m \u001b[0mgzip\u001b[0m\u001b[0;34m.\u001b[0m\u001b[0mopen\u001b[0m\u001b[0;34m(\u001b[0m\u001b[0mpath_or_buf\u001b[0m\u001b[0;34m,\u001b[0m \u001b[0mmode\u001b[0m\u001b[0;34m)\u001b[0m\u001b[0;34m\u001b[0m\u001b[0;34m\u001b[0m\u001b[0m\n\u001b[0m\u001b[1;32m    341\u001b[0m             \u001b[0;32melse\u001b[0m\u001b[0;34m:\u001b[0m\u001b[0;34m\u001b[0m\u001b[0;34m\u001b[0m\u001b[0m\n","\u001b[0;32m/usr/lib/python3.6/gzip.py\u001b[0m in \u001b[0;36mopen\u001b[0;34m(filename, mode, compresslevel, encoding, errors, newline)\u001b[0m\n\u001b[1;32m     52\u001b[0m     \u001b[0;32mif\u001b[0m \u001b[0misinstance\u001b[0m\u001b[0;34m(\u001b[0m\u001b[0mfilename\u001b[0m\u001b[0;34m,\u001b[0m \u001b[0;34m(\u001b[0m\u001b[0mstr\u001b[0m\u001b[0;34m,\u001b[0m \u001b[0mbytes\u001b[0m\u001b[0;34m,\u001b[0m \u001b[0mos\u001b[0m\u001b[0;34m.\u001b[0m\u001b[0mPathLike\u001b[0m\u001b[0;34m)\u001b[0m\u001b[0;34m)\u001b[0m\u001b[0;34m:\u001b[0m\u001b[0;34m\u001b[0m\u001b[0;34m\u001b[0m\u001b[0m\n\u001b[0;32m---> 53\u001b[0;31m         \u001b[0mbinary_file\u001b[0m \u001b[0;34m=\u001b[0m \u001b[0mGzipFile\u001b[0m\u001b[0;34m(\u001b[0m\u001b[0mfilename\u001b[0m\u001b[0;34m,\u001b[0m \u001b[0mgz_mode\u001b[0m\u001b[0;34m,\u001b[0m \u001b[0mcompresslevel\u001b[0m\u001b[0;34m)\u001b[0m\u001b[0;34m\u001b[0m\u001b[0;34m\u001b[0m\u001b[0m\n\u001b[0m\u001b[1;32m     54\u001b[0m     \u001b[0;32melif\u001b[0m \u001b[0mhasattr\u001b[0m\u001b[0;34m(\u001b[0m\u001b[0mfilename\u001b[0m\u001b[0;34m,\u001b[0m \u001b[0;34m\"read\"\u001b[0m\u001b[0;34m)\u001b[0m \u001b[0;32mor\u001b[0m \u001b[0mhasattr\u001b[0m\u001b[0;34m(\u001b[0m\u001b[0mfilename\u001b[0m\u001b[0;34m,\u001b[0m \u001b[0;34m\"write\"\u001b[0m\u001b[0;34m)\u001b[0m\u001b[0;34m:\u001b[0m\u001b[0;34m\u001b[0m\u001b[0;34m\u001b[0m\u001b[0m\n","\u001b[0;32m/usr/lib/python3.6/gzip.py\u001b[0m in \u001b[0;36m__init__\u001b[0;34m(self, filename, mode, compresslevel, fileobj, mtime)\u001b[0m\n\u001b[1;32m    162\u001b[0m         \u001b[0;32mif\u001b[0m \u001b[0mfileobj\u001b[0m \u001b[0;32mis\u001b[0m \u001b[0;32mNone\u001b[0m\u001b[0;34m:\u001b[0m\u001b[0;34m\u001b[0m\u001b[0;34m\u001b[0m\u001b[0m\n\u001b[0;32m--> 163\u001b[0;31m             \u001b[0mfileobj\u001b[0m \u001b[0;34m=\u001b[0m \u001b[0mself\u001b[0m\u001b[0;34m.\u001b[0m\u001b[0mmyfileobj\u001b[0m \u001b[0;34m=\u001b[0m \u001b[0mbuiltins\u001b[0m\u001b[0;34m.\u001b[0m\u001b[0mopen\u001b[0m\u001b[0;34m(\u001b[0m\u001b[0mfilename\u001b[0m\u001b[0;34m,\u001b[0m \u001b[0mmode\u001b[0m \u001b[0;32mor\u001b[0m \u001b[0;34m'rb'\u001b[0m\u001b[0;34m)\u001b[0m\u001b[0;34m\u001b[0m\u001b[0;34m\u001b[0m\u001b[0m\n\u001b[0m\u001b[1;32m    164\u001b[0m         \u001b[0;32mif\u001b[0m \u001b[0mfilename\u001b[0m \u001b[0;32mis\u001b[0m \u001b[0;32mNone\u001b[0m\u001b[0;34m:\u001b[0m\u001b[0;34m\u001b[0m\u001b[0;34m\u001b[0m\u001b[0m\n","\u001b[0;31mFileNotFoundError\u001b[0m: [Errno 2] No such file or directory: 'df_bmf_14_16_confA_chg_drop_p1.pkl.gz'","\nDuring handling of the above exception, another exception occurred:\n","\u001b[0;31mFileNotFoundError\u001b[0m                         Traceback (most recent call last)","\u001b[0;32m/usr/local/lib/python3.6/dist-packages/pandas/io/pickle.py\u001b[0m in \u001b[0;36mtry_read\u001b[0;34m(path, encoding)\u001b[0m\n\u001b[1;32m    103\u001b[0m                 return read_wrapper(\n\u001b[0;32m--> 104\u001b[0;31m                     lambda f: pc.load(f, encoding=encoding, compat=False))\n\u001b[0m\u001b[1;32m    105\u001b[0m             \u001b[0;31m# compat pickle\u001b[0m\u001b[0;34m\u001b[0m\u001b[0;34m\u001b[0m\u001b[0;34m\u001b[0m\u001b[0m\n","\u001b[0;32m/usr/local/lib/python3.6/dist-packages/pandas/io/pickle.py\u001b[0m in \u001b[0;36mread_wrapper\u001b[0;34m(func)\u001b[0m\n\u001b[1;32m     81\u001b[0m                             \u001b[0mcompression\u001b[0m\u001b[0;34m=\u001b[0m\u001b[0minferred_compression\u001b[0m\u001b[0;34m,\u001b[0m\u001b[0;34m\u001b[0m\u001b[0;34m\u001b[0m\u001b[0m\n\u001b[0;32m---> 82\u001b[0;31m                             is_text=False)\n\u001b[0m\u001b[1;32m     83\u001b[0m         \u001b[0;32mtry\u001b[0m\u001b[0;34m:\u001b[0m\u001b[0;34m\u001b[0m\u001b[0;34m\u001b[0m\u001b[0m\n","\u001b[0;32m/usr/local/lib/python3.6/dist-packages/pandas/io/common.py\u001b[0m in \u001b[0;36m_get_handle\u001b[0;34m(path_or_buf, mode, encoding, compression, memory_map, is_text)\u001b[0m\n\u001b[1;32m    339\u001b[0m             \u001b[0;32mif\u001b[0m \u001b[0mis_path\u001b[0m\u001b[0;34m:\u001b[0m\u001b[0;34m\u001b[0m\u001b[0;34m\u001b[0m\u001b[0m\n\u001b[0;32m--> 340\u001b[0;31m                 \u001b[0mf\u001b[0m \u001b[0;34m=\u001b[0m \u001b[0mgzip\u001b[0m\u001b[0;34m.\u001b[0m\u001b[0mopen\u001b[0m\u001b[0;34m(\u001b[0m\u001b[0mpath_or_buf\u001b[0m\u001b[0;34m,\u001b[0m \u001b[0mmode\u001b[0m\u001b[0;34m)\u001b[0m\u001b[0;34m\u001b[0m\u001b[0;34m\u001b[0m\u001b[0m\n\u001b[0m\u001b[1;32m    341\u001b[0m             \u001b[0;32melse\u001b[0m\u001b[0;34m:\u001b[0m\u001b[0;34m\u001b[0m\u001b[0;34m\u001b[0m\u001b[0m\n","\u001b[0;32m/usr/lib/python3.6/gzip.py\u001b[0m in \u001b[0;36mopen\u001b[0;34m(filename, mode, compresslevel, encoding, errors, newline)\u001b[0m\n\u001b[1;32m     52\u001b[0m     \u001b[0;32mif\u001b[0m \u001b[0misinstance\u001b[0m\u001b[0;34m(\u001b[0m\u001b[0mfilename\u001b[0m\u001b[0;34m,\u001b[0m \u001b[0;34m(\u001b[0m\u001b[0mstr\u001b[0m\u001b[0;34m,\u001b[0m \u001b[0mbytes\u001b[0m\u001b[0;34m,\u001b[0m \u001b[0mos\u001b[0m\u001b[0;34m.\u001b[0m\u001b[0mPathLike\u001b[0m\u001b[0;34m)\u001b[0m\u001b[0;34m)\u001b[0m\u001b[0;34m:\u001b[0m\u001b[0;34m\u001b[0m\u001b[0;34m\u001b[0m\u001b[0m\n\u001b[0;32m---> 53\u001b[0;31m         \u001b[0mbinary_file\u001b[0m \u001b[0;34m=\u001b[0m \u001b[0mGzipFile\u001b[0m\u001b[0;34m(\u001b[0m\u001b[0mfilename\u001b[0m\u001b[0;34m,\u001b[0m \u001b[0mgz_mode\u001b[0m\u001b[0;34m,\u001b[0m \u001b[0mcompresslevel\u001b[0m\u001b[0;34m)\u001b[0m\u001b[0;34m\u001b[0m\u001b[0;34m\u001b[0m\u001b[0m\n\u001b[0m\u001b[1;32m     54\u001b[0m     \u001b[0;32melif\u001b[0m \u001b[0mhasattr\u001b[0m\u001b[0;34m(\u001b[0m\u001b[0mfilename\u001b[0m\u001b[0;34m,\u001b[0m \u001b[0;34m\"read\"\u001b[0m\u001b[0;34m)\u001b[0m \u001b[0;32mor\u001b[0m \u001b[0mhasattr\u001b[0m\u001b[0;34m(\u001b[0m\u001b[0mfilename\u001b[0m\u001b[0;34m,\u001b[0m \u001b[0;34m\"write\"\u001b[0m\u001b[0;34m)\u001b[0m\u001b[0;34m:\u001b[0m\u001b[0;34m\u001b[0m\u001b[0;34m\u001b[0m\u001b[0m\n","\u001b[0;32m/usr/lib/python3.6/gzip.py\u001b[0m in \u001b[0;36m__init__\u001b[0;34m(self, filename, mode, compresslevel, fileobj, mtime)\u001b[0m\n\u001b[1;32m    162\u001b[0m         \u001b[0;32mif\u001b[0m \u001b[0mfileobj\u001b[0m \u001b[0;32mis\u001b[0m \u001b[0;32mNone\u001b[0m\u001b[0;34m:\u001b[0m\u001b[0;34m\u001b[0m\u001b[0;34m\u001b[0m\u001b[0m\n\u001b[0;32m--> 163\u001b[0;31m             \u001b[0mfileobj\u001b[0m \u001b[0;34m=\u001b[0m \u001b[0mself\u001b[0m\u001b[0;34m.\u001b[0m\u001b[0mmyfileobj\u001b[0m \u001b[0;34m=\u001b[0m \u001b[0mbuiltins\u001b[0m\u001b[0;34m.\u001b[0m\u001b[0mopen\u001b[0m\u001b[0;34m(\u001b[0m\u001b[0mfilename\u001b[0m\u001b[0;34m,\u001b[0m \u001b[0mmode\u001b[0m \u001b[0;32mor\u001b[0m \u001b[0;34m'rb'\u001b[0m\u001b[0;34m)\u001b[0m\u001b[0;34m\u001b[0m\u001b[0;34m\u001b[0m\u001b[0m\n\u001b[0m\u001b[1;32m    164\u001b[0m         \u001b[0;32mif\u001b[0m \u001b[0mfilename\u001b[0m \u001b[0;32mis\u001b[0m \u001b[0;32mNone\u001b[0m\u001b[0;34m:\u001b[0m\u001b[0;34m\u001b[0m\u001b[0;34m\u001b[0m\u001b[0m\n","\u001b[0;31mFileNotFoundError\u001b[0m: [Errno 2] No such file or directory: 'df_bmf_14_16_confA_chg_drop_p1.pkl.gz'","\nDuring handling of the above exception, another exception occurred:\n","\u001b[0;31mFileNotFoundError\u001b[0m                         Traceback (most recent call last)","\u001b[0;32m/usr/local/lib/python3.6/dist-packages/pandas/io/pickle.py\u001b[0m in \u001b[0;36mread_pickle\u001b[0;34m(path, compression)\u001b[0m\n\u001b[1;32m    109\u001b[0m     \u001b[0;32mtry\u001b[0m\u001b[0;34m:\u001b[0m\u001b[0;34m\u001b[0m\u001b[0;34m\u001b[0m\u001b[0m\n\u001b[0;32m--> 110\u001b[0;31m         \u001b[0;32mreturn\u001b[0m \u001b[0mtry_read\u001b[0m\u001b[0;34m(\u001b[0m\u001b[0mpath\u001b[0m\u001b[0;34m)\u001b[0m\u001b[0;34m\u001b[0m\u001b[0;34m\u001b[0m\u001b[0m\n\u001b[0m\u001b[1;32m    111\u001b[0m     \u001b[0;32mexcept\u001b[0m\u001b[0;34m:\u001b[0m\u001b[0;34m\u001b[0m\u001b[0;34m\u001b[0m\u001b[0m\n","\u001b[0;32m/usr/local/lib/python3.6/dist-packages/pandas/io/pickle.py\u001b[0m in \u001b[0;36mtry_read\u001b[0;34m(path, encoding)\u001b[0m\n\u001b[1;32m    107\u001b[0m                 return read_wrapper(\n\u001b[0;32m--> 108\u001b[0;31m                     lambda f: pc.load(f, encoding=encoding, compat=True))\n\u001b[0m\u001b[1;32m    109\u001b[0m     \u001b[0;32mtry\u001b[0m\u001b[0;34m:\u001b[0m\u001b[0;34m\u001b[0m\u001b[0;34m\u001b[0m\u001b[0m\n","\u001b[0;32m/usr/local/lib/python3.6/dist-packages/pandas/io/pickle.py\u001b[0m in \u001b[0;36mread_wrapper\u001b[0;34m(func)\u001b[0m\n\u001b[1;32m     81\u001b[0m                             \u001b[0mcompression\u001b[0m\u001b[0;34m=\u001b[0m\u001b[0minferred_compression\u001b[0m\u001b[0;34m,\u001b[0m\u001b[0;34m\u001b[0m\u001b[0;34m\u001b[0m\u001b[0m\n\u001b[0;32m---> 82\u001b[0;31m                             is_text=False)\n\u001b[0m\u001b[1;32m     83\u001b[0m         \u001b[0;32mtry\u001b[0m\u001b[0;34m:\u001b[0m\u001b[0;34m\u001b[0m\u001b[0;34m\u001b[0m\u001b[0m\n","\u001b[0;32m/usr/local/lib/python3.6/dist-packages/pandas/io/common.py\u001b[0m in \u001b[0;36m_get_handle\u001b[0;34m(path_or_buf, mode, encoding, compression, memory_map, is_text)\u001b[0m\n\u001b[1;32m    339\u001b[0m             \u001b[0;32mif\u001b[0m \u001b[0mis_path\u001b[0m\u001b[0;34m:\u001b[0m\u001b[0;34m\u001b[0m\u001b[0;34m\u001b[0m\u001b[0m\n\u001b[0;32m--> 340\u001b[0;31m                 \u001b[0mf\u001b[0m \u001b[0;34m=\u001b[0m \u001b[0mgzip\u001b[0m\u001b[0;34m.\u001b[0m\u001b[0mopen\u001b[0m\u001b[0;34m(\u001b[0m\u001b[0mpath_or_buf\u001b[0m\u001b[0;34m,\u001b[0m \u001b[0mmode\u001b[0m\u001b[0;34m)\u001b[0m\u001b[0;34m\u001b[0m\u001b[0;34m\u001b[0m\u001b[0m\n\u001b[0m\u001b[1;32m    341\u001b[0m             \u001b[0;32melse\u001b[0m\u001b[0;34m:\u001b[0m\u001b[0;34m\u001b[0m\u001b[0;34m\u001b[0m\u001b[0m\n","\u001b[0;32m/usr/lib/python3.6/gzip.py\u001b[0m in \u001b[0;36mopen\u001b[0;34m(filename, mode, compresslevel, encoding, errors, newline)\u001b[0m\n\u001b[1;32m     52\u001b[0m     \u001b[0;32mif\u001b[0m \u001b[0misinstance\u001b[0m\u001b[0;34m(\u001b[0m\u001b[0mfilename\u001b[0m\u001b[0;34m,\u001b[0m \u001b[0;34m(\u001b[0m\u001b[0mstr\u001b[0m\u001b[0;34m,\u001b[0m \u001b[0mbytes\u001b[0m\u001b[0;34m,\u001b[0m \u001b[0mos\u001b[0m\u001b[0;34m.\u001b[0m\u001b[0mPathLike\u001b[0m\u001b[0;34m)\u001b[0m\u001b[0;34m)\u001b[0m\u001b[0;34m:\u001b[0m\u001b[0;34m\u001b[0m\u001b[0;34m\u001b[0m\u001b[0m\n\u001b[0;32m---> 53\u001b[0;31m         \u001b[0mbinary_file\u001b[0m \u001b[0;34m=\u001b[0m \u001b[0mGzipFile\u001b[0m\u001b[0;34m(\u001b[0m\u001b[0mfilename\u001b[0m\u001b[0;34m,\u001b[0m \u001b[0mgz_mode\u001b[0m\u001b[0;34m,\u001b[0m \u001b[0mcompresslevel\u001b[0m\u001b[0;34m)\u001b[0m\u001b[0;34m\u001b[0m\u001b[0;34m\u001b[0m\u001b[0m\n\u001b[0m\u001b[1;32m     54\u001b[0m     \u001b[0;32melif\u001b[0m \u001b[0mhasattr\u001b[0m\u001b[0;34m(\u001b[0m\u001b[0mfilename\u001b[0m\u001b[0;34m,\u001b[0m \u001b[0;34m\"read\"\u001b[0m\u001b[0;34m)\u001b[0m \u001b[0;32mor\u001b[0m \u001b[0mhasattr\u001b[0m\u001b[0;34m(\u001b[0m\u001b[0mfilename\u001b[0m\u001b[0;34m,\u001b[0m \u001b[0;34m\"write\"\u001b[0m\u001b[0;34m)\u001b[0m\u001b[0;34m:\u001b[0m\u001b[0;34m\u001b[0m\u001b[0;34m\u001b[0m\u001b[0m\n","\u001b[0;32m/usr/lib/python3.6/gzip.py\u001b[0m in \u001b[0;36m__init__\u001b[0;34m(self, filename, mode, compresslevel, fileobj, mtime)\u001b[0m\n\u001b[1;32m    162\u001b[0m         \u001b[0;32mif\u001b[0m \u001b[0mfileobj\u001b[0m \u001b[0;32mis\u001b[0m \u001b[0;32mNone\u001b[0m\u001b[0;34m:\u001b[0m\u001b[0;34m\u001b[0m\u001b[0;34m\u001b[0m\u001b[0m\n\u001b[0;32m--> 163\u001b[0;31m             \u001b[0mfileobj\u001b[0m \u001b[0;34m=\u001b[0m \u001b[0mself\u001b[0m\u001b[0;34m.\u001b[0m\u001b[0mmyfileobj\u001b[0m \u001b[0;34m=\u001b[0m \u001b[0mbuiltins\u001b[0m\u001b[0;34m.\u001b[0m\u001b[0mopen\u001b[0m\u001b[0;34m(\u001b[0m\u001b[0mfilename\u001b[0m\u001b[0;34m,\u001b[0m \u001b[0mmode\u001b[0m \u001b[0;32mor\u001b[0m \u001b[0;34m'rb'\u001b[0m\u001b[0;34m)\u001b[0m\u001b[0;34m\u001b[0m\u001b[0;34m\u001b[0m\u001b[0m\n\u001b[0m\u001b[1;32m    164\u001b[0m         \u001b[0;32mif\u001b[0m \u001b[0mfilename\u001b[0m \u001b[0;32mis\u001b[0m \u001b[0;32mNone\u001b[0m\u001b[0;34m:\u001b[0m\u001b[0;34m\u001b[0m\u001b[0;34m\u001b[0m\u001b[0m\n","\u001b[0;31mFileNotFoundError\u001b[0m: [Errno 2] No such file or directory: 'df_bmf_14_16_confA_chg_drop_p1.pkl.gz'","\nDuring handling of the above exception, another exception occurred:\n","\u001b[0;31mFileNotFoundError\u001b[0m                         Traceback (most recent call last)","\u001b[0;32m/usr/local/lib/python3.6/dist-packages/pandas/io/pickle.py\u001b[0m in \u001b[0;36mtry_read\u001b[0;34m(path, encoding)\u001b[0m\n\u001b[1;32m     98\u001b[0m         \u001b[0;32mtry\u001b[0m\u001b[0;34m:\u001b[0m\u001b[0;34m\u001b[0m\u001b[0;34m\u001b[0m\u001b[0m\n\u001b[0;32m---> 99\u001b[0;31m             \u001b[0;32mreturn\u001b[0m \u001b[0mread_wrapper\u001b[0m\u001b[0;34m(\u001b[0m\u001b[0;32mlambda\u001b[0m \u001b[0mf\u001b[0m\u001b[0;34m:\u001b[0m \u001b[0mpkl\u001b[0m\u001b[0;34m.\u001b[0m\u001b[0mload\u001b[0m\u001b[0;34m(\u001b[0m\u001b[0mf\u001b[0m\u001b[0;34m)\u001b[0m\u001b[0;34m)\u001b[0m\u001b[0;34m\u001b[0m\u001b[0;34m\u001b[0m\u001b[0m\n\u001b[0m\u001b[1;32m    100\u001b[0m         \u001b[0;32mexcept\u001b[0m \u001b[0mException\u001b[0m\u001b[0;34m:\u001b[0m\u001b[0;34m\u001b[0m\u001b[0;34m\u001b[0m\u001b[0m\n","\u001b[0;32m/usr/local/lib/python3.6/dist-packages/pandas/io/pickle.py\u001b[0m in \u001b[0;36mread_wrapper\u001b[0;34m(func)\u001b[0m\n\u001b[1;32m     81\u001b[0m                             \u001b[0mcompression\u001b[0m\u001b[0;34m=\u001b[0m\u001b[0minferred_compression\u001b[0m\u001b[0;34m,\u001b[0m\u001b[0;34m\u001b[0m\u001b[0;34m\u001b[0m\u001b[0m\n\u001b[0;32m---> 82\u001b[0;31m                             is_text=False)\n\u001b[0m\u001b[1;32m     83\u001b[0m         \u001b[0;32mtry\u001b[0m\u001b[0;34m:\u001b[0m\u001b[0;34m\u001b[0m\u001b[0;34m\u001b[0m\u001b[0m\n","\u001b[0;32m/usr/local/lib/python3.6/dist-packages/pandas/io/common.py\u001b[0m in \u001b[0;36m_get_handle\u001b[0;34m(path_or_buf, mode, encoding, compression, memory_map, is_text)\u001b[0m\n\u001b[1;32m    339\u001b[0m             \u001b[0;32mif\u001b[0m \u001b[0mis_path\u001b[0m\u001b[0;34m:\u001b[0m\u001b[0;34m\u001b[0m\u001b[0;34m\u001b[0m\u001b[0m\n\u001b[0;32m--> 340\u001b[0;31m                 \u001b[0mf\u001b[0m \u001b[0;34m=\u001b[0m \u001b[0mgzip\u001b[0m\u001b[0;34m.\u001b[0m\u001b[0mopen\u001b[0m\u001b[0;34m(\u001b[0m\u001b[0mpath_or_buf\u001b[0m\u001b[0;34m,\u001b[0m \u001b[0mmode\u001b[0m\u001b[0;34m)\u001b[0m\u001b[0;34m\u001b[0m\u001b[0;34m\u001b[0m\u001b[0m\n\u001b[0m\u001b[1;32m    341\u001b[0m             \u001b[0;32melse\u001b[0m\u001b[0;34m:\u001b[0m\u001b[0;34m\u001b[0m\u001b[0;34m\u001b[0m\u001b[0m\n","\u001b[0;32m/usr/lib/python3.6/gzip.py\u001b[0m in \u001b[0;36mopen\u001b[0;34m(filename, mode, compresslevel, encoding, errors, newline)\u001b[0m\n\u001b[1;32m     52\u001b[0m     \u001b[0;32mif\u001b[0m \u001b[0misinstance\u001b[0m\u001b[0;34m(\u001b[0m\u001b[0mfilename\u001b[0m\u001b[0;34m,\u001b[0m \u001b[0;34m(\u001b[0m\u001b[0mstr\u001b[0m\u001b[0;34m,\u001b[0m \u001b[0mbytes\u001b[0m\u001b[0;34m,\u001b[0m \u001b[0mos\u001b[0m\u001b[0;34m.\u001b[0m\u001b[0mPathLike\u001b[0m\u001b[0;34m)\u001b[0m\u001b[0;34m)\u001b[0m\u001b[0;34m:\u001b[0m\u001b[0;34m\u001b[0m\u001b[0;34m\u001b[0m\u001b[0m\n\u001b[0;32m---> 53\u001b[0;31m         \u001b[0mbinary_file\u001b[0m \u001b[0;34m=\u001b[0m \u001b[0mGzipFile\u001b[0m\u001b[0;34m(\u001b[0m\u001b[0mfilename\u001b[0m\u001b[0;34m,\u001b[0m \u001b[0mgz_mode\u001b[0m\u001b[0;34m,\u001b[0m \u001b[0mcompresslevel\u001b[0m\u001b[0;34m)\u001b[0m\u001b[0;34m\u001b[0m\u001b[0;34m\u001b[0m\u001b[0m\n\u001b[0m\u001b[1;32m     54\u001b[0m     \u001b[0;32melif\u001b[0m \u001b[0mhasattr\u001b[0m\u001b[0;34m(\u001b[0m\u001b[0mfilename\u001b[0m\u001b[0;34m,\u001b[0m \u001b[0;34m\"read\"\u001b[0m\u001b[0;34m)\u001b[0m \u001b[0;32mor\u001b[0m \u001b[0mhasattr\u001b[0m\u001b[0;34m(\u001b[0m\u001b[0mfilename\u001b[0m\u001b[0;34m,\u001b[0m \u001b[0;34m\"write\"\u001b[0m\u001b[0;34m)\u001b[0m\u001b[0;34m:\u001b[0m\u001b[0;34m\u001b[0m\u001b[0;34m\u001b[0m\u001b[0m\n","\u001b[0;32m/usr/lib/python3.6/gzip.py\u001b[0m in \u001b[0;36m__init__\u001b[0;34m(self, filename, mode, compresslevel, fileobj, mtime)\u001b[0m\n\u001b[1;32m    162\u001b[0m         \u001b[0;32mif\u001b[0m \u001b[0mfileobj\u001b[0m \u001b[0;32mis\u001b[0m \u001b[0;32mNone\u001b[0m\u001b[0;34m:\u001b[0m\u001b[0;34m\u001b[0m\u001b[0;34m\u001b[0m\u001b[0m\n\u001b[0;32m--> 163\u001b[0;31m             \u001b[0mfileobj\u001b[0m \u001b[0;34m=\u001b[0m \u001b[0mself\u001b[0m\u001b[0;34m.\u001b[0m\u001b[0mmyfileobj\u001b[0m \u001b[0;34m=\u001b[0m \u001b[0mbuiltins\u001b[0m\u001b[0;34m.\u001b[0m\u001b[0mopen\u001b[0m\u001b[0;34m(\u001b[0m\u001b[0mfilename\u001b[0m\u001b[0;34m,\u001b[0m \u001b[0mmode\u001b[0m \u001b[0;32mor\u001b[0m \u001b[0;34m'rb'\u001b[0m\u001b[0;34m)\u001b[0m\u001b[0;34m\u001b[0m\u001b[0;34m\u001b[0m\u001b[0m\n\u001b[0m\u001b[1;32m    164\u001b[0m         \u001b[0;32mif\u001b[0m \u001b[0mfilename\u001b[0m \u001b[0;32mis\u001b[0m \u001b[0;32mNone\u001b[0m\u001b[0;34m:\u001b[0m\u001b[0;34m\u001b[0m\u001b[0;34m\u001b[0m\u001b[0m\n","\u001b[0;31mFileNotFoundError\u001b[0m: [Errno 2] No such file or directory: 'df_bmf_14_16_confA_chg_drop_p1.pkl.gz'","\nDuring handling of the above exception, another exception occurred:\n","\u001b[0;31mFileNotFoundError\u001b[0m                         Traceback (most recent call last)","\u001b[0;32m/usr/local/lib/python3.6/dist-packages/pandas/io/pickle.py\u001b[0m in \u001b[0;36mtry_read\u001b[0;34m(path, encoding)\u001b[0m\n\u001b[1;32m    103\u001b[0m                 return read_wrapper(\n\u001b[0;32m--> 104\u001b[0;31m                     lambda f: pc.load(f, encoding=encoding, compat=False))\n\u001b[0m\u001b[1;32m    105\u001b[0m             \u001b[0;31m# compat pickle\u001b[0m\u001b[0;34m\u001b[0m\u001b[0;34m\u001b[0m\u001b[0;34m\u001b[0m\u001b[0m\n","\u001b[0;32m/usr/local/lib/python3.6/dist-packages/pandas/io/pickle.py\u001b[0m in \u001b[0;36mread_wrapper\u001b[0;34m(func)\u001b[0m\n\u001b[1;32m     81\u001b[0m                             \u001b[0mcompression\u001b[0m\u001b[0;34m=\u001b[0m\u001b[0minferred_compression\u001b[0m\u001b[0;34m,\u001b[0m\u001b[0;34m\u001b[0m\u001b[0;34m\u001b[0m\u001b[0m\n\u001b[0;32m---> 82\u001b[0;31m                             is_text=False)\n\u001b[0m\u001b[1;32m     83\u001b[0m         \u001b[0;32mtry\u001b[0m\u001b[0;34m:\u001b[0m\u001b[0;34m\u001b[0m\u001b[0;34m\u001b[0m\u001b[0m\n","\u001b[0;32m/usr/local/lib/python3.6/dist-packages/pandas/io/common.py\u001b[0m in \u001b[0;36m_get_handle\u001b[0;34m(path_or_buf, mode, encoding, compression, memory_map, is_text)\u001b[0m\n\u001b[1;32m    339\u001b[0m             \u001b[0;32mif\u001b[0m \u001b[0mis_path\u001b[0m\u001b[0;34m:\u001b[0m\u001b[0;34m\u001b[0m\u001b[0;34m\u001b[0m\u001b[0m\n\u001b[0;32m--> 340\u001b[0;31m                 \u001b[0mf\u001b[0m \u001b[0;34m=\u001b[0m \u001b[0mgzip\u001b[0m\u001b[0;34m.\u001b[0m\u001b[0mopen\u001b[0m\u001b[0;34m(\u001b[0m\u001b[0mpath_or_buf\u001b[0m\u001b[0;34m,\u001b[0m \u001b[0mmode\u001b[0m\u001b[0;34m)\u001b[0m\u001b[0;34m\u001b[0m\u001b[0;34m\u001b[0m\u001b[0m\n\u001b[0m\u001b[1;32m    341\u001b[0m             \u001b[0;32melse\u001b[0m\u001b[0;34m:\u001b[0m\u001b[0;34m\u001b[0m\u001b[0;34m\u001b[0m\u001b[0m\n","\u001b[0;32m/usr/lib/python3.6/gzip.py\u001b[0m in \u001b[0;36mopen\u001b[0;34m(filename, mode, compresslevel, encoding, errors, newline)\u001b[0m\n\u001b[1;32m     52\u001b[0m     \u001b[0;32mif\u001b[0m \u001b[0misinstance\u001b[0m\u001b[0;34m(\u001b[0m\u001b[0mfilename\u001b[0m\u001b[0;34m,\u001b[0m \u001b[0;34m(\u001b[0m\u001b[0mstr\u001b[0m\u001b[0;34m,\u001b[0m \u001b[0mbytes\u001b[0m\u001b[0;34m,\u001b[0m \u001b[0mos\u001b[0m\u001b[0;34m.\u001b[0m\u001b[0mPathLike\u001b[0m\u001b[0;34m)\u001b[0m\u001b[0;34m)\u001b[0m\u001b[0;34m:\u001b[0m\u001b[0;34m\u001b[0m\u001b[0;34m\u001b[0m\u001b[0m\n\u001b[0;32m---> 53\u001b[0;31m         \u001b[0mbinary_file\u001b[0m \u001b[0;34m=\u001b[0m \u001b[0mGzipFile\u001b[0m\u001b[0;34m(\u001b[0m\u001b[0mfilename\u001b[0m\u001b[0;34m,\u001b[0m \u001b[0mgz_mode\u001b[0m\u001b[0;34m,\u001b[0m \u001b[0mcompresslevel\u001b[0m\u001b[0;34m)\u001b[0m\u001b[0;34m\u001b[0m\u001b[0;34m\u001b[0m\u001b[0m\n\u001b[0m\u001b[1;32m     54\u001b[0m     \u001b[0;32melif\u001b[0m \u001b[0mhasattr\u001b[0m\u001b[0;34m(\u001b[0m\u001b[0mfilename\u001b[0m\u001b[0;34m,\u001b[0m \u001b[0;34m\"read\"\u001b[0m\u001b[0;34m)\u001b[0m \u001b[0;32mor\u001b[0m \u001b[0mhasattr\u001b[0m\u001b[0;34m(\u001b[0m\u001b[0mfilename\u001b[0m\u001b[0;34m,\u001b[0m \u001b[0;34m\"write\"\u001b[0m\u001b[0;34m)\u001b[0m\u001b[0;34m:\u001b[0m\u001b[0;34m\u001b[0m\u001b[0;34m\u001b[0m\u001b[0m\n","\u001b[0;32m/usr/lib/python3.6/gzip.py\u001b[0m in \u001b[0;36m__init__\u001b[0;34m(self, filename, mode, compresslevel, fileobj, mtime)\u001b[0m\n\u001b[1;32m    162\u001b[0m         \u001b[0;32mif\u001b[0m \u001b[0mfileobj\u001b[0m \u001b[0;32mis\u001b[0m \u001b[0;32mNone\u001b[0m\u001b[0;34m:\u001b[0m\u001b[0;34m\u001b[0m\u001b[0;34m\u001b[0m\u001b[0m\n\u001b[0;32m--> 163\u001b[0;31m             \u001b[0mfileobj\u001b[0m \u001b[0;34m=\u001b[0m \u001b[0mself\u001b[0m\u001b[0;34m.\u001b[0m\u001b[0mmyfileobj\u001b[0m \u001b[0;34m=\u001b[0m \u001b[0mbuiltins\u001b[0m\u001b[0;34m.\u001b[0m\u001b[0mopen\u001b[0m\u001b[0;34m(\u001b[0m\u001b[0mfilename\u001b[0m\u001b[0;34m,\u001b[0m \u001b[0mmode\u001b[0m \u001b[0;32mor\u001b[0m \u001b[0;34m'rb'\u001b[0m\u001b[0;34m)\u001b[0m\u001b[0;34m\u001b[0m\u001b[0;34m\u001b[0m\u001b[0m\n\u001b[0m\u001b[1;32m    164\u001b[0m         \u001b[0;32mif\u001b[0m \u001b[0mfilename\u001b[0m \u001b[0;32mis\u001b[0m \u001b[0;32mNone\u001b[0m\u001b[0;34m:\u001b[0m\u001b[0;34m\u001b[0m\u001b[0;34m\u001b[0m\u001b[0m\n","\u001b[0;31mFileNotFoundError\u001b[0m: [Errno 2] No such file or directory: 'df_bmf_14_16_confA_chg_drop_p1.pkl.gz'","\nDuring handling of the above exception, another exception occurred:\n","\u001b[0;31mFileNotFoundError\u001b[0m                         Traceback (most recent call last)","\u001b[0;32m<ipython-input-25-348014db5566>\u001b[0m in \u001b[0;36m<module>\u001b[0;34m()\u001b[0m\n\u001b[1;32m      1\u001b[0m \u001b[0;32mimport\u001b[0m \u001b[0mpandas\u001b[0m \u001b[0;32mas\u001b[0m \u001b[0mpd\u001b[0m\u001b[0;34m\u001b[0m\u001b[0;34m\u001b[0m\u001b[0m\n\u001b[1;32m      2\u001b[0m \u001b[0;34m\u001b[0m\u001b[0m\n\u001b[0;32m----> 3\u001b[0;31m \u001b[0mdata\u001b[0m \u001b[0;34m=\u001b[0m \u001b[0mpd\u001b[0m\u001b[0;34m.\u001b[0m\u001b[0mread_pickle\u001b[0m\u001b[0;34m(\u001b[0m\u001b[0;34m\"df_bmf_14_16_confA_chg_drop_p1.pkl.gz\"\u001b[0m\u001b[0;34m)\u001b[0m\u001b[0;34m\u001b[0m\u001b[0;34m\u001b[0m\u001b[0m\n\u001b[0m\u001b[1;32m      4\u001b[0m \u001b[0mprint\u001b[0m\u001b[0;34m(\u001b[0m\u001b[0mdata\u001b[0m\u001b[0;34m.\u001b[0m\u001b[0mhead\u001b[0m\u001b[0;34m(\u001b[0m\u001b[0;36m10\u001b[0m\u001b[0;34m)\u001b[0m\u001b[0;34m)\u001b[0m\u001b[0;34m\u001b[0m\u001b[0;34m\u001b[0m\u001b[0m\n","\u001b[0;32m/usr/local/lib/python3.6/dist-packages/pandas/io/pickle.py\u001b[0m in \u001b[0;36mread_pickle\u001b[0;34m(path, compression)\u001b[0m\n\u001b[1;32m    111\u001b[0m     \u001b[0;32mexcept\u001b[0m\u001b[0;34m:\u001b[0m\u001b[0;34m\u001b[0m\u001b[0;34m\u001b[0m\u001b[0m\n\u001b[1;32m    112\u001b[0m         \u001b[0;32mif\u001b[0m \u001b[0mPY3\u001b[0m\u001b[0;34m:\u001b[0m\u001b[0;34m\u001b[0m\u001b[0;34m\u001b[0m\u001b[0m\n\u001b[0;32m--> 113\u001b[0;31m             \u001b[0;32mreturn\u001b[0m \u001b[0mtry_read\u001b[0m\u001b[0;34m(\u001b[0m\u001b[0mpath\u001b[0m\u001b[0;34m,\u001b[0m \u001b[0mencoding\u001b[0m\u001b[0;34m=\u001b[0m\u001b[0;34m'latin1'\u001b[0m\u001b[0;34m)\u001b[0m\u001b[0;34m\u001b[0m\u001b[0;34m\u001b[0m\u001b[0m\n\u001b[0m\u001b[1;32m    114\u001b[0m         \u001b[0;32mraise\u001b[0m\u001b[0;34m\u001b[0m\u001b[0;34m\u001b[0m\u001b[0m\n\u001b[1;32m    115\u001b[0m \u001b[0;34m\u001b[0m\u001b[0m\n","\u001b[0;32m/usr/local/lib/python3.6/dist-packages/pandas/io/pickle.py\u001b[0m in \u001b[0;36mtry_read\u001b[0;34m(path, encoding)\u001b[0m\n\u001b[1;32m    106\u001b[0m             \u001b[0;32mexcept\u001b[0m\u001b[0;34m:\u001b[0m\u001b[0;34m\u001b[0m\u001b[0;34m\u001b[0m\u001b[0m\n\u001b[1;32m    107\u001b[0m                 return read_wrapper(\n\u001b[0;32m--> 108\u001b[0;31m                     lambda f: pc.load(f, encoding=encoding, compat=True))\n\u001b[0m\u001b[1;32m    109\u001b[0m     \u001b[0;32mtry\u001b[0m\u001b[0;34m:\u001b[0m\u001b[0;34m\u001b[0m\u001b[0;34m\u001b[0m\u001b[0m\n\u001b[1;32m    110\u001b[0m         \u001b[0;32mreturn\u001b[0m \u001b[0mtry_read\u001b[0m\u001b[0;34m(\u001b[0m\u001b[0mpath\u001b[0m\u001b[0;34m)\u001b[0m\u001b[0;34m\u001b[0m\u001b[0;34m\u001b[0m\u001b[0m\n","\u001b[0;32m/usr/local/lib/python3.6/dist-packages/pandas/io/pickle.py\u001b[0m in \u001b[0;36mread_wrapper\u001b[0;34m(func)\u001b[0m\n\u001b[1;32m     80\u001b[0m         f, fh = _get_handle(path, 'rb',\n\u001b[1;32m     81\u001b[0m                             \u001b[0mcompression\u001b[0m\u001b[0;34m=\u001b[0m\u001b[0minferred_compression\u001b[0m\u001b[0;34m,\u001b[0m\u001b[0;34m\u001b[0m\u001b[0;34m\u001b[0m\u001b[0m\n\u001b[0;32m---> 82\u001b[0;31m                             is_text=False)\n\u001b[0m\u001b[1;32m     83\u001b[0m         \u001b[0;32mtry\u001b[0m\u001b[0;34m:\u001b[0m\u001b[0;34m\u001b[0m\u001b[0;34m\u001b[0m\u001b[0m\n\u001b[1;32m     84\u001b[0m             \u001b[0;32mreturn\u001b[0m \u001b[0mfunc\u001b[0m\u001b[0;34m(\u001b[0m\u001b[0mf\u001b[0m\u001b[0;34m)\u001b[0m\u001b[0;34m\u001b[0m\u001b[0;34m\u001b[0m\u001b[0m\n","\u001b[0;32m/usr/local/lib/python3.6/dist-packages/pandas/io/common.py\u001b[0m in \u001b[0;36m_get_handle\u001b[0;34m(path_or_buf, mode, encoding, compression, memory_map, is_text)\u001b[0m\n\u001b[1;32m    338\u001b[0m             \u001b[0;32mimport\u001b[0m \u001b[0mgzip\u001b[0m\u001b[0;34m\u001b[0m\u001b[0;34m\u001b[0m\u001b[0m\n\u001b[1;32m    339\u001b[0m             \u001b[0;32mif\u001b[0m \u001b[0mis_path\u001b[0m\u001b[0;34m:\u001b[0m\u001b[0;34m\u001b[0m\u001b[0;34m\u001b[0m\u001b[0m\n\u001b[0;32m--> 340\u001b[0;31m                 \u001b[0mf\u001b[0m \u001b[0;34m=\u001b[0m \u001b[0mgzip\u001b[0m\u001b[0;34m.\u001b[0m\u001b[0mopen\u001b[0m\u001b[0;34m(\u001b[0m\u001b[0mpath_or_buf\u001b[0m\u001b[0;34m,\u001b[0m \u001b[0mmode\u001b[0m\u001b[0;34m)\u001b[0m\u001b[0;34m\u001b[0m\u001b[0;34m\u001b[0m\u001b[0m\n\u001b[0m\u001b[1;32m    341\u001b[0m             \u001b[0;32melse\u001b[0m\u001b[0;34m:\u001b[0m\u001b[0;34m\u001b[0m\u001b[0;34m\u001b[0m\u001b[0m\n\u001b[1;32m    342\u001b[0m                 \u001b[0mf\u001b[0m \u001b[0;34m=\u001b[0m \u001b[0mgzip\u001b[0m\u001b[0;34m.\u001b[0m\u001b[0mGzipFile\u001b[0m\u001b[0;34m(\u001b[0m\u001b[0mfileobj\u001b[0m\u001b[0;34m=\u001b[0m\u001b[0mpath_or_buf\u001b[0m\u001b[0;34m)\u001b[0m\u001b[0;34m\u001b[0m\u001b[0;34m\u001b[0m\u001b[0m\n","\u001b[0;32m/usr/lib/python3.6/gzip.py\u001b[0m in \u001b[0;36mopen\u001b[0;34m(filename, mode, compresslevel, encoding, errors, newline)\u001b[0m\n\u001b[1;32m     51\u001b[0m     \u001b[0mgz_mode\u001b[0m \u001b[0;34m=\u001b[0m \u001b[0mmode\u001b[0m\u001b[0;34m.\u001b[0m\u001b[0mreplace\u001b[0m\u001b[0;34m(\u001b[0m\u001b[0;34m\"t\"\u001b[0m\u001b[0;34m,\u001b[0m \u001b[0;34m\"\"\u001b[0m\u001b[0;34m)\u001b[0m\u001b[0;34m\u001b[0m\u001b[0;34m\u001b[0m\u001b[0m\n\u001b[1;32m     52\u001b[0m     \u001b[0;32mif\u001b[0m \u001b[0misinstance\u001b[0m\u001b[0;34m(\u001b[0m\u001b[0mfilename\u001b[0m\u001b[0;34m,\u001b[0m \u001b[0;34m(\u001b[0m\u001b[0mstr\u001b[0m\u001b[0;34m,\u001b[0m \u001b[0mbytes\u001b[0m\u001b[0;34m,\u001b[0m \u001b[0mos\u001b[0m\u001b[0;34m.\u001b[0m\u001b[0mPathLike\u001b[0m\u001b[0;34m)\u001b[0m\u001b[0;34m)\u001b[0m\u001b[0;34m:\u001b[0m\u001b[0;34m\u001b[0m\u001b[0;34m\u001b[0m\u001b[0m\n\u001b[0;32m---> 53\u001b[0;31m         \u001b[0mbinary_file\u001b[0m \u001b[0;34m=\u001b[0m \u001b[0mGzipFile\u001b[0m\u001b[0;34m(\u001b[0m\u001b[0mfilename\u001b[0m\u001b[0;34m,\u001b[0m \u001b[0mgz_mode\u001b[0m\u001b[0;34m,\u001b[0m \u001b[0mcompresslevel\u001b[0m\u001b[0;34m)\u001b[0m\u001b[0;34m\u001b[0m\u001b[0;34m\u001b[0m\u001b[0m\n\u001b[0m\u001b[1;32m     54\u001b[0m     \u001b[0;32melif\u001b[0m \u001b[0mhasattr\u001b[0m\u001b[0;34m(\u001b[0m\u001b[0mfilename\u001b[0m\u001b[0;34m,\u001b[0m \u001b[0;34m\"read\"\u001b[0m\u001b[0;34m)\u001b[0m \u001b[0;32mor\u001b[0m \u001b[0mhasattr\u001b[0m\u001b[0;34m(\u001b[0m\u001b[0mfilename\u001b[0m\u001b[0;34m,\u001b[0m \u001b[0;34m\"write\"\u001b[0m\u001b[0;34m)\u001b[0m\u001b[0;34m:\u001b[0m\u001b[0;34m\u001b[0m\u001b[0;34m\u001b[0m\u001b[0m\n\u001b[1;32m     55\u001b[0m         \u001b[0mbinary_file\u001b[0m \u001b[0;34m=\u001b[0m \u001b[0mGzipFile\u001b[0m\u001b[0;34m(\u001b[0m\u001b[0;32mNone\u001b[0m\u001b[0;34m,\u001b[0m \u001b[0mgz_mode\u001b[0m\u001b[0;34m,\u001b[0m \u001b[0mcompresslevel\u001b[0m\u001b[0;34m,\u001b[0m \u001b[0mfilename\u001b[0m\u001b[0;34m)\u001b[0m\u001b[0;34m\u001b[0m\u001b[0;34m\u001b[0m\u001b[0m\n","\u001b[0;32m/usr/lib/python3.6/gzip.py\u001b[0m in \u001b[0;36m__init__\u001b[0;34m(self, filename, mode, compresslevel, fileobj, mtime)\u001b[0m\n\u001b[1;32m    161\u001b[0m             \u001b[0mmode\u001b[0m \u001b[0;34m+=\u001b[0m \u001b[0;34m'b'\u001b[0m\u001b[0;34m\u001b[0m\u001b[0;34m\u001b[0m\u001b[0m\n\u001b[1;32m    162\u001b[0m         \u001b[0;32mif\u001b[0m \u001b[0mfileobj\u001b[0m \u001b[0;32mis\u001b[0m \u001b[0;32mNone\u001b[0m\u001b[0;34m:\u001b[0m\u001b[0;34m\u001b[0m\u001b[0;34m\u001b[0m\u001b[0m\n\u001b[0;32m--> 163\u001b[0;31m             \u001b[0mfileobj\u001b[0m \u001b[0;34m=\u001b[0m \u001b[0mself\u001b[0m\u001b[0;34m.\u001b[0m\u001b[0mmyfileobj\u001b[0m \u001b[0;34m=\u001b[0m \u001b[0mbuiltins\u001b[0m\u001b[0;34m.\u001b[0m\u001b[0mopen\u001b[0m\u001b[0;34m(\u001b[0m\u001b[0mfilename\u001b[0m\u001b[0;34m,\u001b[0m \u001b[0mmode\u001b[0m \u001b[0;32mor\u001b[0m \u001b[0;34m'rb'\u001b[0m\u001b[0;34m)\u001b[0m\u001b[0;34m\u001b[0m\u001b[0;34m\u001b[0m\u001b[0m\n\u001b[0m\u001b[1;32m    164\u001b[0m         \u001b[0;32mif\u001b[0m \u001b[0mfilename\u001b[0m \u001b[0;32mis\u001b[0m \u001b[0;32mNone\u001b[0m\u001b[0;34m:\u001b[0m\u001b[0;34m\u001b[0m\u001b[0;34m\u001b[0m\u001b[0m\n\u001b[1;32m    165\u001b[0m             \u001b[0mfilename\u001b[0m \u001b[0;34m=\u001b[0m \u001b[0mgetattr\u001b[0m\u001b[0;34m(\u001b[0m\u001b[0mfileobj\u001b[0m\u001b[0;34m,\u001b[0m \u001b[0;34m'name'\u001b[0m\u001b[0;34m,\u001b[0m \u001b[0;34m''\u001b[0m\u001b[0;34m)\u001b[0m\u001b[0;34m\u001b[0m\u001b[0;34m\u001b[0m\u001b[0m\n","\u001b[0;31mFileNotFoundError\u001b[0m: [Errno 2] No such file or directory: 'df_bmf_14_16_confA_chg_drop_p1.pkl.gz'"]}]},{"metadata":{"id":"s_yV8eagcE5R","colab_type":"text"},"cell_type":"markdown","source":["#Working with two datasets"]},{"metadata":{"id":"4eKrJBvfszYq","colab_type":"text"},"cell_type":"markdown","source":["##Task 1: Importing both the datasets"]},{"metadata":{"id":"XFWEHGp6n_RH","colab_type":"code","outputId":"95857275-ea79-45f8-854f-33134acce8b6","executionInfo":{"status":"ok","timestamp":1548883897735,"user_tz":360,"elapsed":3863,"user":{"displayName":"Isha Dilipbhai Kanani","photoUrl":"","userId":"06426428959890874909"}},"colab":{"base_uri":"https://localhost:8080/","height":510}},"cell_type":"code","source":["import pandas as pd\n","\n","ein_desc = pd.read_pickle(\"sample_data/EIN_TXT_2014_18_p1.pkl.gz\")\n","\n","ein_ntee = pd.read_pickle(\"sample_data/df_bmf_14_16_confA_chg_drop_p1.pkl.gz\")\n","\n","print(ein_desc.head())\n","\n","print(ein_ntee.head())"],"execution_count":0,"outputs":[{"output_type":"stream","text":["      EIN     FIPS NTEECC FILER ZFILER  \\\n","0    3154  51710.0    C36     N      N   \n","1   19818  25013.0    X21     N      N   \n","3  260049  12077.0    X21     N      N   \n","4  490336  12051.0    X21     N      N   \n","6  635913  25009.0    X21     N      N   \n","\n","                                               NAME            ADDRESS  \\\n","0                  OAKLEAF FOREST TENANT MANAGEMENT  1706 GREENLEAF DR   \n","1                      PALMER SECOND BAPTIST CHURCH  1050 THORNDIKE ST   \n","3                            CORINTH BAPTIST CHURCH          PO BOX 92   \n","4                           EASTSIDE BAPTIST CHURCH         PO BOX 296   \n","6  MINISTERIO APOSTOLICO JESUCRISTO ES EL SENOR INC       454 ESSEX ST   \n","\n","       CITY STATE   ZIP5  ...    czFiler  cTaxPer  cAssets  cTotRev  cFinSrc  \\\n","0   NORFOLK    VA  23523  ...          N      NaN      NaN      NaN      NaN   \n","1    PALMER    MA   1069  ...          N      NaN      NaN      NaN      NaN   \n","3   HOSFORD    FL  32334  ...          N      NaN      NaN      NaN      NaN   \n","4   LABELLE    FL  33975  ...          N      NaN      NaN      NaN      NaN   \n","6  LAWRENCE    MA   1840  ...          N      NaN      NaN      NaN      NaN   \n","\n","   EPOST  FISYR_IMAGE  IRS990n     NAICS  YR_MO  \n","0      Z          NaN        0  813312.0   1608  \n","1      Z          NaN        0  813110.0   1608  \n","3      Z          NaN        0  813110.0   1608  \n","4      Z          NaN        0  813110.0   1608  \n","6      Z          NaN        0  813110.0   1608  \n","\n","[5 rows x 50 columns]\n"],"name":"stdout"}]},{"metadata":{"id":"Jw6ZKR7Drjmo","colab_type":"text"},"cell_type":"markdown","source":["##Task 2: Obtaining required columns"]},{"metadata":{"id":"NwObL2oGro0a","colab_type":"code","outputId":"dfef6eb5-c292-4da0-e4ef-a37e018cdcb0","executionInfo":{"status":"ok","timestamp":1548884047340,"user_tz":360,"elapsed":241,"user":{"displayName":"Isha Dilipbhai Kanani","photoUrl":"","userId":"06426428959890874909"}},"colab":{"base_uri":"https://localhost:8080/","height":71}},"cell_type":"code","source":["print(list(ein_desc))\n","print(list(ein_ntee))"],"execution_count":0,"outputs":[{"output_type":"stream","text":["['DLN', 'EIN', 'FILING_TYPE', 'IRS990EZ_p3_DscrptnPrgrmSrvcAccmTxt', 'IRS990EZ_p3_PrmryExmptPrpsTxt', 'IRS990PF_p16b_RltnshpSttmntTxt', 'IRS990PF_p9a_DscrptnTxt', 'IRS990ScheduleO_ExplntnTxt', 'IRS990_p1_ActvtyOrMssnDsc', 'IRS990_p3_DscS', 'IRS990_p3_MssnDsc', 'OBJECT_ID', 'RETURN_ID', 'RETURN_TYPE', 'SUB_DATE', 'TAXPAYER_NAME', 'TAX_PERIOD', 'YEAR', '95_and_before']\n","['EIN', 'FIPS', 'NTEECC', 'FILER', 'ZFILER', 'NAME', 'ADDRESS', 'CITY', 'STATE', 'ZIP5', 'GEN', 'SUBSECCD', 'RULEDATE', 'FNDNCD', 'TAXPER', 'FRCD', 'PFFRCD', 'ACCPER', 'ASSETS', 'INCOME', 'SEC_NAME', 'NTEE1', 'LEVEL1', 'LEVEL2', 'LEVEL3', 'LEVEL4', 'MAJGRPB', 'OUTNCCS', 'OUTREAS', 'NTEESRC', 'ntmaj10', 'ntmaj12', 'ntmaj5', 'nteeFinal', 'nteeFinal1', 'RandNum', 'nteeConf', 'MSA_NECH', 'PMSA', 'cFiler', 'czFiler', 'cTaxPer', 'cAssets', 'cTotRev', 'cFinSrc', 'EPOST', 'FISYR_IMAGE', 'IRS990n', 'NAICS', 'YR_MO']\n"],"name":"stdout"}]},{"metadata":{"id":"Ca7AOi2Dr4aW","colab_type":"code","outputId":"d4e8d432-9434-4d98-f40a-763bb7ecd94e","executionInfo":{"status":"ok","timestamp":1548884259456,"user_tz":360,"elapsed":601,"user":{"displayName":"Isha Dilipbhai Kanani","photoUrl":"","userId":"06426428959890874909"}},"colab":{"base_uri":"https://localhost:8080/","height":408}},"cell_type":"code","source":["ein_desc = ein_desc[[\"EIN\", \"IRS990_p3_MssnDsc\"]]\n","print(ein_desc.head())\n","\n","ein_ntee = ein_ntee[[\"EIN\", \"NTEE1\"]]\n","print(ein_ntee.sample(5))"],"execution_count":0,"outputs":[{"output_type":"stream","text":["         EIN                                  IRS990_p3_MssnDsc\n","0  760740805                                                NaN\n","1  760740805                                                NaN\n","2  760740805  TO SUPPORT THE ENTIRE INSTRUMENTAL MUSIC AND C...\n","3  996001533                                                NaN\n","4  996001533                                                NaN\n","               EIN NTEE1\n","810350   453765500     B\n","1011981  481045741     S\n","404412   263202807     B\n","768437   431585819     X\n","34995     43144814     M\n","              EIN                     IRS990_p3_MssnDsc NTEE1\n","228196  222617853                                   NaN     W\n","189077  200173132                                   NaN     C\n","460634  370976245                                   NaN     Y\n","553989  454653982                                   NaN     X\n","176636  141771200                                   NaN     A\n","17936   382988356  PROVIDE HEALTH AND WELFARE BENEFITS.     Y\n","671138  541722710                                   NaN     J\n","584027  464120748                                   NaN     U\n","533673  432086766                                   NaN     Y\n","543176  452549384                                   NaN     B\n"],"name":"stdout"}]},{"metadata":{"id":"8Aj1A8Odskvq","colab_type":"text"},"cell_type":"markdown","source":["##Task3: Merging both the dataframes\n","\n","Function Used:\n","\n","[DataFrame.merge() ](https://pandas.pydata.org/pandas-docs/stable/reference/api/pandas.DataFrame.merge.html): To merge two dataframes, variable outputs depending on parameters provided"]},{"metadata":{"id":"M9mjqMVOssAY","colab_type":"code","outputId":"9914e166-8a1d-490c-a516-cdf93e50c9ed","executionInfo":{"status":"error","timestamp":1550206747242,"user_tz":360,"elapsed":582,"user":{"displayName":"Marjorie Crowell","photoUrl":"","userId":"01222112113615962220"}},"colab":{"base_uri":"https://localhost:8080/","height":199}},"cell_type":"code","source":["ein_desc_ntee = ein_desc_loc.merge(ein_ntee_col, on=\"EIN\", how=\"inner\")\n","print(ein_desc_ntee.sample(10))"],"execution_count":1,"outputs":[{"output_type":"error","ename":"NameError","evalue":"ignored","traceback":["\u001b[0;31m---------------------------------------------------------------------------\u001b[0m","\u001b[0;31mNameError\u001b[0m                                 Traceback (most recent call last)","\u001b[0;32m<ipython-input-1-18336732e44e>\u001b[0m in \u001b[0;36m<module>\u001b[0;34m()\u001b[0m\n\u001b[0;32m----> 1\u001b[0;31m \u001b[0mein_desc_ntee\u001b[0m \u001b[0;34m=\u001b[0m \u001b[0mein_desc_loc\u001b[0m\u001b[0;34m.\u001b[0m\u001b[0mmerge\u001b[0m\u001b[0;34m(\u001b[0m\u001b[0mein_ntee_col\u001b[0m\u001b[0;34m,\u001b[0m \u001b[0mon\u001b[0m\u001b[0;34m=\u001b[0m\u001b[0;34m\"EIN\"\u001b[0m\u001b[0;34m,\u001b[0m \u001b[0mhow\u001b[0m\u001b[0;34m=\u001b[0m\u001b[0;34m\"inner\"\u001b[0m\u001b[0;34m)\u001b[0m\u001b[0;34m\u001b[0m\u001b[0;34m\u001b[0m\u001b[0m\n\u001b[0m\u001b[1;32m      2\u001b[0m \u001b[0mprint\u001b[0m\u001b[0;34m(\u001b[0m\u001b[0mein_desc_ntee\u001b[0m\u001b[0;34m.\u001b[0m\u001b[0msample\u001b[0m\u001b[0;34m(\u001b[0m\u001b[0;36m10\u001b[0m\u001b[0;34m)\u001b[0m\u001b[0;34m)\u001b[0m\u001b[0;34m\u001b[0m\u001b[0;34m\u001b[0m\u001b[0m\n","\u001b[0;31mNameError\u001b[0m: name 'ein_desc_loc' is not defined"]}]},{"metadata":{"id":"ttFLwbMbdHMR","colab_type":"text"},"cell_type":"markdown","source":["inner merge = merging where things are in common ONLY\n","outer merge = merging everywhere, having missing values where appropriate"]},{"metadata":{"id":"xhtiD_7g6NPs","colab_type":"text"},"cell_type":"markdown","source":["# In-class practice."]},{"metadata":{"id":"_54xb40ASodW","colab_type":"text"},"cell_type":"markdown","source":["1. Use the two datasets used above\n","2. Take random 10,000 samples of each: refer to [function sample](https://pandas.pydata.org/pandas-docs/stable/reference/api/pandas.DataFrame.sample.html\n","3. Perform merge on both using \"EIN\" as implemented in the code cell above."]}]}